Started GET "/" for ::1 at 2019-09-10 11:23:26 +0300

PG::ConnectionBad - FATAL:  database "malagaSport_development" does not exist
:

Started POST "/__better_errors/1dc5eda7ccfbef60/variables" for ::1 at 2019-09-10 11:23:27 +0300
  [1m[35m (1356.7ms)[0m  [1m[35mCREATE DATABASE "malagaSport_development" ENCODING = 'unicode'[0m
  [1m[35m (674.7ms)[0m  [1m[35mCREATE DATABASE "malagaSport_test" ENCODING = 'unicode'[0m
  [1m[35m (114.8ms)[0m  [1m[35mCREATE TABLE "schema_migrations" ("version" character varying NOT NULL PRIMARY KEY)[0m
  [1m[35m (88.1ms)[0m  [1m[35mCREATE TABLE "ar_internal_metadata" ("key" character varying NOT NULL PRIMARY KEY, "value" character varying, "created_at" timestamp(6) NOT NULL, "updated_at" timestamp(6) NOT NULL)[0m
  [1m[35m (0.3ms)[0m  [1m[34mSELECT pg_try_advisory_lock(6895330367990644335)[0m
  [1m[35m (0.7ms)[0m  [1m[34mSELECT "schema_migrations"."version" FROM "schema_migrations" ORDER BY "schema_migrations"."version" ASC[0m
Migrating to DeviseCreateUsers (20190910081804)
  [1m[35m (0.2ms)[0m  [1m[35mBEGIN[0m
  [1m[35m (84.4ms)[0m  [1m[35mCREATE TABLE "users" ("id" bigserial primary key, "email" character varying DEFAULT '' NOT NULL, "encrypted_password" character varying DEFAULT '' NOT NULL, "reset_password_token" character varying, "reset_password_sent_at" timestamp, "remember_created_at" timestamp, "created_at" timestamp(6) NOT NULL, "updated_at" timestamp(6) NOT NULL)[0m
  [1m[35m (29.3ms)[0m  [1m[35mCREATE UNIQUE INDEX  "index_users_on_email" ON "users"  ("email")[0m
  [1m[35m (30.0ms)[0m  [1m[35mCREATE UNIQUE INDEX  "index_users_on_reset_password_token" ON "users"  ("reset_password_token")[0m
  [1m[36mprimary::SchemaMigration Create (0.6ms)[0m  [1m[32mINSERT INTO "schema_migrations" ("version") VALUES ($1) RETURNING "version"[0m  [["version", "20190910081804"]]
  [1m[35m (8.1ms)[0m  [1m[35mCOMMIT[0m
  [1m[36mActiveRecord::InternalMetadata Load (0.6ms)[0m  [1m[34mSELECT "ar_internal_metadata".* FROM "ar_internal_metadata" WHERE "ar_internal_metadata"."key" = $1 LIMIT $2[0m  [["key", "environment"], ["LIMIT", 1]]
  [1m[35m (0.3ms)[0m  [1m[35mBEGIN[0m
  [1m[36mActiveRecord::InternalMetadata Create (0.7ms)[0m  [1m[32mINSERT INTO "ar_internal_metadata" ("key", "value", "created_at", "updated_at") VALUES ($1, $2, $3, $4) RETURNING "key"[0m  [["key", "environment"], ["value", "development"], ["created_at", "2019-09-10 08:24:47.381212"], ["updated_at", "2019-09-10 08:24:47.381212"]]
  [1m[35m (11.7ms)[0m  [1m[35mCOMMIT[0m
  [1m[35m (0.4ms)[0m  [1m[34mSELECT pg_advisory_unlock(6895330367990644335)[0m
  [1m[35m (0.7ms)[0m  [1m[34mSELECT "schema_migrations"."version" FROM "schema_migrations" ORDER BY "schema_migrations"."version" ASC[0m
Started GET "/" for ::1 at 2019-09-10 11:25:02 +0300
  [1m[35m (0.9ms)[0m  [1m[34mSELECT "schema_migrations"."version" FROM "schema_migrations" ORDER BY "schema_migrations"."version" ASC[0m
Processing by StaticPagesController#index as HTML
  Rendering static_pages/index.html.erb within layouts/application
  Rendered static_pages/index.html.erb within layouts/application (Duration: 4.4ms | Allocations: 725)
[Webpacker] Compiling…
[Webpacker] Compiled all packs in /home/dev/Bureau/Ruby/mody_atao_anzany_aaaa/public/packs
Completed 200 OK in 9222ms (Views: 9182.9ms | ActiveRecord: 0.0ms | Allocations: 1434387)


Started GET "/users/sign_up" for ::1 at 2019-09-10 11:25:16 +0300
Processing by Devise::RegistrationsController#new as HTML
  Rendering devise/registrations/new.html.erb within layouts/application
  Rendered devise/shared/_error_messages.html.erb (Duration: 0.6ms | Allocations: 222)
  Rendered devise/shared/_links.html.erb (Duration: 1.5ms | Allocations: 564)
  Rendered devise/registrations/new.html.erb within layouts/application (Duration: 1725.0ms | Allocations: 777447)
Completed 200 OK in 1763ms (Views: 1733.9ms | ActiveRecord: 5.1ms | Allocations: 789510)


Started POST "/users" for ::1 at 2019-09-10 11:25:29 +0300
Processing by Devise::RegistrationsController#create as HTML
  Parameters: {"authenticity_token"=>"zZslRzXNIrIRrSfnd1Xii1q0tYynCYM2lk/mrf4xd9X/+Hp/DAKZd9bodfnJ1YRX3BVRe0y7kgPFjxE6TeWejQ==", "user"=>{"email"=>"a@a.a", "password"=>"[FILTERED]", "password_confirmation"=>"[FILTERED]"}, "commit"=>"Sign up"}
  [1m[35m (0.2ms)[0m  [1m[35mBEGIN[0m
  [1m[36mUser Exists? (0.8ms)[0m  [1m[34mSELECT 1 AS one FROM "users" WHERE "users"."email" = $1 LIMIT $2[0m  [["email", "a@a.a"], ["LIMIT", 1]]
  [1m[36mUser Create (0.8ms)[0m  [1m[32mINSERT INTO "users" ("email", "encrypted_password", "created_at", "updated_at") VALUES ($1, $2, $3, $4) RETURNING "id"[0m  [["email", "a@a.a"], ["encrypted_password", "$2a$11$rjC5MhwmZVIEe2W4.OLRmOj0Jo3zXlYMYm21IKg6YzPE61Rb06yAC"], ["created_at", "2019-09-10 08:25:29.792342"], ["updated_at", "2019-09-10 08:25:29.792342"]]
  [1m[35m (21.4ms)[0m  [1m[35mCOMMIT[0m
Redirected to http://localhost:3000/
Completed 302 Found in 239ms (ActiveRecord: 23.2ms | Allocations: 11458)


Started GET "/" for ::1 at 2019-09-10 11:25:29 +0300
Processing by StaticPagesController#index as HTML
  Rendering static_pages/index.html.erb within layouts/application
  [1m[36mUser Load (0.4ms)[0m  [1m[34mSELECT "users".* FROM "users" WHERE "users"."id" = $1 ORDER BY "users"."id" ASC LIMIT $2[0m  [["id", 1], ["LIMIT", 1]]
  ↳ app/views/static_pages/index.html.erb:2
  Rendered static_pages/index.html.erb within layouts/application (Duration: 5.4ms | Allocations: 1167)
Completed 200 OK in 13ms (Views: 11.6ms | ActiveRecord: 0.6ms | Allocations: 6048)


Started GET "/users/edit" for ::1 at 2019-09-10 11:25:33 +0300
Processing by Devise::RegistrationsController#edit as HTML
  [1m[36mUser Load (0.3ms)[0m  [1m[34mSELECT "users".* FROM "users" WHERE "users"."id" = $1 ORDER BY "users"."id" ASC LIMIT $2[0m  [["id", 1], ["LIMIT", 1]]
  Rendering devise/registrations/edit.html.erb within layouts/application
  Rendered devise/shared/_error_messages.html.erb (Duration: 0.1ms | Allocations: 15)
  Rendered devise/registrations/edit.html.erb within layouts/application (Duration: 4.8ms | Allocations: 1951)
Completed 200 OK in 16ms (Views: 12.9ms | ActiveRecord: 0.3ms | Allocations: 8524)


Started GET "/" for ::1 at 2019-09-10 11:29:43 +0300
Processing by StaticPagesController#index as HTML
  Rendering static_pages/index.html.erb within layouts/application
  [1m[36mUser Load (0.4ms)[0m  [1m[34mSELECT "users".* FROM "users" WHERE "users"."id" = $1 ORDER BY "users"."id" ASC LIMIT $2[0m  [["id", 1], ["LIMIT", 1]]
  ↳ app/views/static_pages/index.html.erb:2
  Rendered static_pages/index.html.erb within layouts/application (Duration: 4.4ms | Allocations: 1276)
Completed 200 OK in 15ms (Views: 14.1ms | ActiveRecord: 0.4ms | Allocations: 7214)


Started GET "/users/edit" for ::1 at 2019-09-10 11:29:46 +0300
Processing by Devise::RegistrationsController#edit as HTML
  [1m[36mUser Load (0.3ms)[0m  [1m[34mSELECT "users".* FROM "users" WHERE "users"."id" = $1 ORDER BY "users"."id" ASC LIMIT $2[0m  [["id", 1], ["LIMIT", 1]]
  Rendering devise/registrations/edit.html.erb within layouts/application
  Rendered devise/shared/_error_messages.html.erb (Duration: 4.1ms | Allocations: 212)
  Rendered devise/registrations/edit.html.erb within layouts/application (Duration: 8.0ms | Allocations: 2229)
Completed 200 OK in 27ms (Views: 24.1ms | ActiveRecord: 0.3ms | Allocations: 9697)


Started GET "/" for ::1 at 2019-09-10 11:29:51 +0300
Processing by StaticPagesController#index as HTML
  Rendering static_pages/index.html.erb within layouts/application
  [1m[36mUser Load (0.3ms)[0m  [1m[34mSELECT "users".* FROM "users" WHERE "users"."id" = $1 ORDER BY "users"."id" ASC LIMIT $2[0m  [["id", 1], ["LIMIT", 1]]
  ↳ app/views/static_pages/index.html.erb:2
  Rendered static_pages/index.html.erb within layouts/application (Duration: 2.5ms | Allocations: 1015)
Completed 200 OK in 13ms (Views: 12.5ms | ActiveRecord: 0.3ms | Allocations: 5881)


Started DELETE "/users/sign_out" for ::1 at 2019-09-10 11:31:23 +0300
Processing by Devise::SessionsController#destroy as HTML
  Parameters: {"authenticity_token"=>"KyS+sXwX2YOoh2NWcppv4r7U0DcqjbY+x6CYDAtB1lSHkl+EOE6mL4spUab3VDNmD90gbxGulN663AGJjCttog=="}
  [1m[36mUser Load (0.5ms)[0m  [1m[34mSELECT "users".* FROM "users" WHERE "users"."id" = $1 ORDER BY "users"."id" ASC LIMIT $2[0m  [["id", 1], ["LIMIT", 1]]
Redirected to http://localhost:3000/
Completed 302 Found in 8ms (ActiveRecord: 0.5ms | Allocations: 2915)


Started GET "/" for ::1 at 2019-09-10 11:31:23 +0300
Processing by StaticPagesController#index as HTML
  Rendering static_pages/index.html.erb within layouts/application
  Rendered static_pages/index.html.erb within layouts/application (Duration: 1.4ms | Allocations: 411)
Completed 200 OK in 11ms (Views: 10.3ms | ActiveRecord: 0.0ms | Allocations: 6339)


Started GET "/" for ::1 at 2019-09-10 11:31:26 +0300
Processing by StaticPagesController#index as HTML
  Rendering static_pages/index.html.erb within layouts/application
  Rendered static_pages/index.html.erb within layouts/application (Duration: 0.4ms | Allocations: 164)
Completed 200 OK in 8ms (Views: 7.2ms | ActiveRecord: 0.0ms | Allocations: 5018)


Started GET "/users/sign_up" for ::1 at 2019-09-10 11:31:27 +0300
Processing by Devise::RegistrationsController#new as HTML
  Rendering devise/registrations/new.html.erb within layouts/application
DEPRECATION WARNING: [Devise] `DeviseHelper.devise_error_messages!`
is deprecated and it will be removed in the next major version.
To customize the errors styles please run `rails g devise:views` and modify the
`devise/shared/error_messages` partial.
 (called from block in _app_views_devise_registrations_new_html_erb__1280654274277302963_70266117815980 at /home/dev/Bureau/Ruby/mody_atao_anzany_aaaa/app/views/devise/registrations/new.html.erb:7)
  Rendered devise/shared/_links.html.erb (Duration: 2.2ms | Allocations: 497)
  Rendered devise/registrations/new.html.erb within layouts/application (Duration: 6.3ms | Allocations: 2064)
Completed 200 OK in 20ms (Views: 19.4ms | ActiveRecord: 0.0ms | Allocations: 8144)


Started POST "/users" for ::1 at 2019-09-10 11:31:38 +0300
Processing by Devise::RegistrationsController#create as HTML
  Parameters: {"authenticity_token"=>"yizvsaH1UplvGTWPQu5offDQcUIFu4aNWlpvqBD+hJ1U6MuRRBOBmwYh+eFGNwOyqYVJ64T2ovaJXTmjo0+QsQ==", "user"=>{"email"=>"z@z.z", "password"=>"[FILTERED]", "password_confirmation"=>"[FILTERED]"}, "commit"=>"Sign up"}
  [1m[35m (0.2ms)[0m  [1m[35mBEGIN[0m
  [1m[36mUser Exists? (0.6ms)[0m  [1m[34mSELECT 1 AS one FROM "users" WHERE "users"."email" = $1 LIMIT $2[0m  [["email", "z@z.z"], ["LIMIT", 1]]
  [1m[36mUser Create (1.8ms)[0m  [1m[32mINSERT INTO "users" ("email", "encrypted_password", "created_at", "updated_at") VALUES ($1, $2, $3, $4) RETURNING "id"[0m  [["email", "z@z.z"], ["encrypted_password", "$2a$11$VDT/xobahjiccCFe2TSifuQhNRdjG17JS9GpgRk.J1w3zQsYDYXZ6"], ["created_at", "2019-09-10 08:31:39.072870"], ["updated_at", "2019-09-10 08:31:39.072870"]]
  [1m[35m (9.3ms)[0m  [1m[35mCOMMIT[0m
Redirected to http://localhost:3000/
Completed 302 Found in 169ms (ActiveRecord: 12.0ms | Allocations: 8137)


Started GET "/" for ::1 at 2019-09-10 11:31:39 +0300
Processing by StaticPagesController#index as HTML
  Rendering static_pages/index.html.erb within layouts/application
  [1m[36mUser Load (0.2ms)[0m  [1m[34mSELECT "users".* FROM "users" WHERE "users"."id" = $1 ORDER BY "users"."id" ASC LIMIT $2[0m  [["id", 2], ["LIMIT", 1]]
  ↳ app/views/static_pages/index.html.erb:2
  Rendered static_pages/index.html.erb within layouts/application (Duration: 2.3ms | Allocations: 1015)
Completed 200 OK in 9ms (Views: 7.9ms | ActiveRecord: 0.2ms | Allocations: 5891)


Started DELETE "/users/sign_out" for ::1 at 2019-09-10 11:31:41 +0300
Processing by Devise::SessionsController#destroy as HTML
  Parameters: {"authenticity_token"=>"BmZMSu5Kmdb7V/Jov8ILBsNMmSSdeH6OnDPuX+nUiVcYybu54PVorX4WzWp5h+U58JL/muj5Bny9RWOdrm8OzA=="}
  [1m[36mUser Load (0.3ms)[0m  [1m[34mSELECT "users".* FROM "users" WHERE "users"."id" = $1 ORDER BY "users"."id" ASC LIMIT $2[0m  [["id", 2], ["LIMIT", 1]]
Redirected to http://localhost:3000/
Completed 302 Found in 4ms (ActiveRecord: 0.3ms | Allocations: 2196)


Started GET "/" for ::1 at 2019-09-10 11:31:41 +0300
Processing by StaticPagesController#index as HTML
  Rendering static_pages/index.html.erb within layouts/application
  Rendered static_pages/index.html.erb within layouts/application (Duration: 0.3ms | Allocations: 159)
Completed 200 OK in 6ms (Views: 5.9ms | ActiveRecord: 0.0ms | Allocations: 5018)


Started GET "/users/sign_in" for ::1 at 2019-09-10 11:31:43 +0300
Processing by Devise::SessionsController#new as HTML
  Rendering devise/sessions/new.html.erb within layouts/application
  Rendered devise/shared/_links.html.erb (Duration: 0.5ms | Allocations: 220)
  Rendered devise/sessions/new.html.erb within layouts/application (Duration: 17.3ms | Allocations: 2007)
Completed 200 OK in 26ms (Views: 25.0ms | ActiveRecord: 0.0ms | Allocations: 7795)


Started GET "/" for ::1 at 2019-09-10 11:36:10 +0300
Processing by StaticPagesController#index as HTML
  Rendering static_pages/index.html.erb within layouts/application
  Rendered static_pages/index.html.erb within layouts/application (Duration: 0.8ms | Allocations: 427)
Completed 200 OK in 10ms (Views: 9.2ms | ActiveRecord: 0.0ms | Allocations: 6321)


Started GET "/users/sign_in" for ::1 at 2019-09-10 11:36:11 +0300
Processing by Devise::SessionsController#new as HTML
  Rendering devise/sessions/new.html.erb within layouts/application
  Rendered devise/shared/_links.html.erb (Duration: 0.9ms | Allocations: 564)
  Rendered devise/sessions/new.html.erb within layouts/application (Duration: 3.7ms | Allocations: 2039)
Completed 200 OK in 34ms (Views: 19.9ms | ActiveRecord: 4.4ms | Allocations: 13735)


Started GET "/users/sign_up" for ::1 at 2019-09-10 11:36:15 +0300
Processing by Devise::RegistrationsController#new as HTML
  Rendering devise/registrations/new.html.erb within layouts/application
DEPRECATION WARNING: [Devise] `DeviseHelper.devise_error_messages!`
is deprecated and it will be removed in the next major version.
To customize the errors styles please run `rails g devise:views` and modify the
`devise/shared/error_messages` partial.
 (called from block in _app_views_devise_registrations_new_html_erb__1280654274277302963_70266001908360 at /home/dev/Bureau/Ruby/mody_atao_anzany_aaaa/app/views/devise/registrations/new.html.erb:7)
  Rendered devise/shared/_links.html.erb (Duration: 0.2ms | Allocations: 90)
  Rendered devise/registrations/new.html.erb within layouts/application (Duration: 5.1ms | Allocations: 1493)
Completed 200 OK in 22ms (Views: 21.2ms | ActiveRecord: 0.0ms | Allocations: 7243)


Started GET "/users/sign_in" for ::1 at 2019-09-10 11:39:17 +0300
Processing by Devise::SessionsController#new as HTML
  Rendering devise/sessions/new.html.erb within layouts/application
DEPRECATION WARNING: [Devise] `DeviseHelper.devise_error_messages!`
is deprecated and it will be removed in the next major version.
To customize the errors styles please run `rails g devise:views` and modify the
`devise/shared/error_messages` partial.
 (called from block in _app_views_devise_sessions_new_html_erb__1324676399838755889_70266118073680 at /home/dev/Bureau/Ruby/mody_atao_anzany_aaaa/app/views/devise/sessions/new.html.erb:7)
  Rendered devise/shared/_links.html.erb (Duration: 1.0ms | Allocations: 552)
  Rendered devise/sessions/new.html.erb within layouts/application (Duration: 9.7ms | Allocations: 2138)
Completed 200 OK in 24ms (Views: 22.8ms | ActiveRecord: 0.0ms | Allocations: 8704)


Started POST "/users" for ::1 at 2019-09-10 11:39:23 +0300
Processing by Devise::RegistrationsController#create as HTML
  Parameters: {"authenticity_token"=>"uxuI/NTXFjzwXf4/tXec9Ig9P8z5NEI6ufj8W/kegr6MSBl48gawRCijwsSUO/yiKHGe5K6V+e3vAebnOyX+vw==", "user"=>{"email"=>"a@a.a", "password"=>"[FILTERED]", "remember_me"=>"0"}, "commit"=>"Log in"}
[31mUnpermitted parameter: :remember_me[0m
  [1m[35m (0.2ms)[0m  [1m[35mBEGIN[0m
  [1m[36mUser Exists? (0.6ms)[0m  [1m[34mSELECT 1 AS one FROM "users" WHERE "users"."email" = $1 LIMIT $2[0m  [["email", "a@a.a"], ["LIMIT", 1]]
  [1m[35m (0.2ms)[0m  [1m[31mROLLBACK[0m
  Rendering devise/registrations/new.html.erb within layouts/application
DEPRECATION WARNING: [Devise] `DeviseHelper.devise_error_messages!`
is deprecated and it will be removed in the next major version.
To customize the errors styles please run `rails g devise:views` and modify the
`devise/shared/error_messages` partial.
 (called from block in _app_views_devise_registrations_new_html_erb__1280654274277302963_70266116718320 at /home/dev/Bureau/Ruby/mody_atao_anzany_aaaa/app/views/devise/registrations/new.html.erb:7)
  Rendered devise/shared/_error_messages.html.erb (Duration: 1.1ms | Allocations: 440)
  Rendered devise/shared/_links.html.erb (Duration: 0.2ms | Allocations: 80)
  Rendered devise/registrations/new.html.erb within layouts/application (Duration: 4.6ms | Allocations: 2139)
Completed 200 OK in 170ms (Views: 12.4ms | ActiveRecord: 1.0ms | Allocations: 14867)


Started GET "/" for ::1 at 2019-09-10 11:40:32 +0300
Processing by StaticPagesController#index as HTML
  Rendering static_pages/index.html.erb within layouts/application
  Rendered static_pages/index.html.erb within layouts/application (Duration: 1.9ms | Allocations: 411)
Completed 200 OK in 16ms (Views: 15.4ms | ActiveRecord: 0.0ms | Allocations: 6362)


Started GET "/users/sign_in" for ::1 at 2019-09-10 11:40:34 +0300
Processing by Devise::SessionsController#new as HTML
  Rendering devise/sessions/new.html.erb within layouts/application
DEPRECATION WARNING: [Devise] `DeviseHelper.devise_error_messages!`
is deprecated and it will be removed in the next major version.
To customize the errors styles please run `rails g devise:views` and modify the
`devise/shared/error_messages` partial.
 (called from block in _app_views_devise_sessions_new_html_erb__1324676399838755889_70266115728240 at /home/dev/Bureau/Ruby/mody_atao_anzany_aaaa/app/views/devise/sessions/new.html.erb:7)
  Rendered devise/shared/_links.html.erb (Duration: 1.1ms | Allocations: 552)
  Rendered devise/sessions/new.html.erb within layouts/application (Duration: 5.9ms | Allocations: 2135)
Completed 200 OK in 18ms (Views: 17.0ms | ActiveRecord: 0.0ms | Allocations: 8304)


Started POST "/users/sign_in" for ::1 at 2019-09-10 11:40:39 +0300
Processing by Devise::SessionsController#create as HTML
  Parameters: {"authenticity_token"=>"PvFtOCbAX/ZWCPDrk6ZRMnkoLyfUWz0KU0QVgFdMKIddBp3lmIdJCdiuE2L73Upw5uG7kCJgmfzxbhngqNw/kw==", "user"=>{"email"=>"a@a.a", "password"=>"[FILTERED]", "remember_me"=>"0"}, "commit"=>"Log in"}
  [1m[36mUser Load (0.3ms)[0m  [1m[34mSELECT "users".* FROM "users" WHERE "users"."email" = $1 ORDER BY "users"."id" ASC LIMIT $2[0m  [["email", "a@a.a"], ["LIMIT", 1]]
Redirected to http://localhost:3000/
Completed 302 Found in 177ms (ActiveRecord: 0.3ms | Allocations: 9262)


Started GET "/" for ::1 at 2019-09-10 11:40:39 +0300
Processing by StaticPagesController#index as HTML
  Rendering static_pages/index.html.erb within layouts/application
  [1m[36mUser Load (0.3ms)[0m  [1m[34mSELECT "users".* FROM "users" WHERE "users"."id" = $1 ORDER BY "users"."id" ASC LIMIT $2[0m  [["id", 1], ["LIMIT", 1]]
  ↳ app/views/static_pages/index.html.erb:2
  Rendered static_pages/index.html.erb within layouts/application (Duration: 2.8ms | Allocations: 1017)
Completed 200 OK in 13ms (Views: 11.6ms | ActiveRecord: 0.3ms | Allocations: 5892)


Started DELETE "/users/sign_out" for ::1 at 2019-09-10 11:40:45 +0300
Processing by Devise::SessionsController#destroy as HTML
  Parameters: {"authenticity_token"=>"voxD2wAtEbYD70ltqheUpTjCMftJgnI7Nm11pmwxvBJ1SL+YiwVF2tVubeazJqY3ZSlFxBEbuVHdpqjZE4jgxA=="}
  [1m[36mUser Load (0.3ms)[0m  [1m[34mSELECT "users".* FROM "users" WHERE "users"."id" = $1 ORDER BY "users"."id" ASC LIMIT $2[0m  [["id", 1], ["LIMIT", 1]]
Redirected to http://localhost:3000/
Completed 302 Found in 7ms (ActiveRecord: 0.3ms | Allocations: 2295)


Started GET "/" for ::1 at 2019-09-10 11:40:45 +0300
Processing by StaticPagesController#index as HTML
  Rendering static_pages/index.html.erb within layouts/application
  Rendered static_pages/index.html.erb within layouts/application (Duration: 0.4ms | Allocations: 159)
Completed 200 OK in 21ms (Views: 20.6ms | ActiveRecord: 0.0ms | Allocations: 5021)


Started GET "/users/sign_up" for ::1 at 2019-09-10 11:40:46 +0300
Processing by Devise::RegistrationsController#new as HTML
  Rendering devise/registrations/new.html.erb within layouts/application
DEPRECATION WARNING: [Devise] `DeviseHelper.devise_error_messages!`
is deprecated and it will be removed in the next major version.
To customize the errors styles please run `rails g devise:views` and modify the
`devise/shared/error_messages` partial.
 (called from block in _app_views_devise_registrations_new_html_erb__1280654274277302963_70266011177220 at /home/dev/Bureau/Ruby/mody_atao_anzany_aaaa/app/views/devise/registrations/new.html.erb:7)
  Rendered devise/shared/_links.html.erb (Duration: 0.6ms | Allocations: 80)
  Rendered devise/registrations/new.html.erb within layouts/application (Duration: 14.6ms | Allocations: 1483)
Completed 200 OK in 27ms (Views: 26.3ms | ActiveRecord: 0.0ms | Allocations: 7184)


Started POST "/users" for ::1 at 2019-09-10 11:41:00 +0300
Processing by Devise::RegistrationsController#create as HTML
  Parameters: {"authenticity_token"=>"Vh4uCSc3AnUICoVBBs7ze+tN2of5wxRmr/3eSw7yHF3islz440kccAqyo3nC7XlTzSN7EmS846S2HkHs7BVNiw==", "user"=>{"email"=>"o@o.o", "password"=>"[FILTERED]", "password_confirmation"=>"[FILTERED]"}, "commit"=>"Sign up"}
  [1m[35m (0.2ms)[0m  [1m[35mBEGIN[0m
  [1m[36mUser Exists? (0.5ms)[0m  [1m[34mSELECT 1 AS one FROM "users" WHERE "users"."email" = $1 LIMIT $2[0m  [["email", "o@o.o"], ["LIMIT", 1]]
  [1m[36mUser Create (0.5ms)[0m  [1m[32mINSERT INTO "users" ("email", "encrypted_password", "created_at", "updated_at") VALUES ($1, $2, $3, $4) RETURNING "id"[0m  [["email", "o@o.o"], ["encrypted_password", "$2a$11$As1Mmgqw/yWUFt3.ad8Nquh1zXo/8xQWdxqSY5TlqGnpvRsE9Zx3C"], ["created_at", "2019-09-10 08:41:00.808062"], ["updated_at", "2019-09-10 08:41:00.808062"]]
  [1m[35m (16.0ms)[0m  [1m[35mCOMMIT[0m
Redirected to http://localhost:3000/
Completed 302 Found in 177ms (ActiveRecord: 17.2ms | Allocations: 7415)


Started GET "/" for ::1 at 2019-09-10 11:41:00 +0300
Processing by StaticPagesController#index as HTML
  Rendering static_pages/index.html.erb within layouts/application
  [1m[36mUser Load (0.4ms)[0m  [1m[34mSELECT "users".* FROM "users" WHERE "users"."id" = $1 ORDER BY "users"."id" ASC LIMIT $2[0m  [["id", 3], ["LIMIT", 1]]
  ↳ app/views/static_pages/index.html.erb:2
  Rendered static_pages/index.html.erb within layouts/application (Duration: 2.2ms | Allocations: 1014)
Completed 200 OK in 11ms (Views: 9.8ms | ActiveRecord: 0.4ms | Allocations: 5896)


  [1m[35m (0.2ms)[0m  [1m[34mSELECT pg_try_advisory_lock(6895330367990644335)[0m
  [1m[35m (1.6ms)[0m  [1m[34mSELECT "schema_migrations"."version" FROM "schema_migrations" ORDER BY "schema_migrations"."version" ASC[0m
Migrating to AddRoleToUsers (20190910090646)
  [1m[35m (0.3ms)[0m  [1m[35mBEGIN[0m
  [1m[35m (62.0ms)[0m  [1m[35mALTER TABLE "users" ADD "role" character varying[0m
  [1m[36mprimary::SchemaMigration Create (0.5ms)[0m  [1m[32mINSERT INTO "schema_migrations" ("version") VALUES ($1) RETURNING "version"[0m  [["version", "20190910090646"]]
  [1m[35m (47.4ms)[0m  [1m[35mCOMMIT[0m
  [1m[36mActiveRecord::InternalMetadata Load (0.4ms)[0m  [1m[34mSELECT "ar_internal_metadata".* FROM "ar_internal_metadata" WHERE "ar_internal_metadata"."key" = $1 LIMIT $2[0m  [["key", "environment"], ["LIMIT", 1]]
  [1m[35m (0.4ms)[0m  [1m[34mSELECT pg_advisory_unlock(6895330367990644335)[0m
  [1m[35m (0.9ms)[0m  [1m[34mSELECT "schema_migrations"."version" FROM "schema_migrations" ORDER BY "schema_migrations"."version" ASC[0m
  [1m[36mUser Load (0.8ms)[0m  [1m[34mSELECT "users".* FROM "users" WHERE "users"."id" = $1 LIMIT $2[0m  [["id", 1], ["LIMIT", 1]]
  [1m[35m (0.2ms)[0m  [1m[35mBEGIN[0m
  [1m[36mUser Update (0.5ms)[0m  [1m[33mUPDATE "users" SET "role" = $1, "updated_at" = $2 WHERE "users"."id" = $3[0m  [["role", "admin"], ["updated_at", "2019-09-10 09:30:28.775401"], ["id", 1]]
  [1m[35m (40.4ms)[0m  [1m[35mCOMMIT[0m
  [1m[36mUser Load (0.6ms)[0m  [1m[34mSELECT "users".* FROM "users" WHERE "users"."id" = $1 LIMIT $2[0m  [["id", 1], ["LIMIT", 1]]
Started DELETE "/users/sign_out" for ::1 at 2019-09-10 12:38:40 +0300
  [1m[35m (0.9ms)[0m  [1m[34mSELECT "schema_migrations"."version" FROM "schema_migrations" ORDER BY "schema_migrations"."version" ASC[0m
Processing by Devise::SessionsController#destroy as HTML
  Parameters: {"authenticity_token"=>"P76JgUnd5kRCUUi5sMsHOzNXJvxcemE4cAbN6qyfy+eVwXama4xWyiEh0UKN/p6ml31Ly2bsYhdgwPZBQlwO4g=="}
  [1m[36mUser Load (0.6ms)[0m  [1m[34mSELECT "users".* FROM "users" WHERE "users"."id" = $1 ORDER BY "users"."id" ASC LIMIT $2[0m  [["id", 3], ["LIMIT", 1]]
Redirected to http://localhost:3000/
Completed 302 Found in 18ms (ActiveRecord: 1.0ms | Allocations: 7785)


Started GET "/" for ::1 at 2019-09-10 12:38:42 +0300
Processing by StaticPagesController#index as HTML
  Rendering static_pages/index.html.erb within layouts/application
  Rendered static_pages/index.html.erb within layouts/application (Duration: 12.8ms | Allocations: 421)
Completed 500 Internal Server Error in 448ms (ActiveRecord: 0.0ms | Allocations: 96662)



NoMethodError - undefined method `isAdmin?' for #<#<Class:0x00007fd028a79338>:0x00007fd028a5f8e8>
Did you mean?  isAdmin:
  app/views/layouts/application.html.erb:17

Started POST "/__better_errors/6b5607954c516ff3/variables" for ::1 at 2019-09-10 12:38:43 +0300
Started GET "/" for ::1 at 2019-09-10 12:39:31 +0300
Processing by StaticPagesController#index as HTML
  Rendering static_pages/index.html.erb within layouts/application
  Rendered static_pages/index.html.erb within layouts/application (Duration: 1.3ms | Allocations: 427)
Completed 200 OK in 17ms (Views: 15.7ms | ActiveRecord: 0.0ms | Allocations: 6419)


Started GET "/users/sign_in" for ::1 at 2019-09-10 12:39:38 +0300
Processing by Devise::SessionsController#new as HTML
  Rendering devise/sessions/new.html.erb within layouts/application
DEPRECATION WARNING: [Devise] `DeviseHelper.devise_error_messages!`
is deprecated and it will be removed in the next major version.
To customize the errors styles please run `rails g devise:views` and modify the
`devise/shared/error_messages` partial.
 (called from block in _app_views_devise_sessions_new_html_erb__1324676399838755889_70266118213560 at /home/dev/Bureau/Ruby/mody_atao_anzany_aaaa/app/views/devise/sessions/new.html.erb:7)
  Rendered devise/shared/_links.html.erb (Duration: 17.7ms | Allocations: 564)
  Rendered devise/sessions/new.html.erb within layouts/application (Duration: 32.6ms | Allocations: 2202)
Completed 200 OK in 67ms (Views: 45.0ms | ActiveRecord: 5.4ms | Allocations: 14687)


Started POST "/users/sign_in" for ::1 at 2019-09-10 12:39:44 +0300
Processing by Devise::SessionsController#create as HTML
  Parameters: {"authenticity_token"=>"H4DLg0bQcfaFYTYIMpy6NfJkul/grsmnINv8aa3e1Jwiu45ewvUx7j+/D4tNEAyw3yxzF3rXlnBukbH6z9wZxA==", "user"=>{"email"=>"a@a.a", "password"=>"[FILTERED]", "remember_me"=>"0"}, "commit"=>"Log in"}
  [1m[36mUser Load (0.4ms)[0m  [1m[34mSELECT "users".* FROM "users" WHERE "users"."email" = $1 ORDER BY "users"."id" ASC LIMIT $2[0m  [["email", "a@a.a"], ["LIMIT", 1]]
Redirected to http://localhost:3000/
Completed 302 Found in 203ms (ActiveRecord: 0.4ms | Allocations: 4054)


Started GET "/" for ::1 at 2019-09-10 12:39:44 +0300
Processing by StaticPagesController#index as HTML
  Rendering static_pages/index.html.erb within layouts/application
  [1m[36mUser Load (0.6ms)[0m  [1m[34mSELECT "users".* FROM "users" WHERE "users"."id" = $1 ORDER BY "users"."id" ASC LIMIT $2[0m  [["id", 1], ["LIMIT", 1]]
  ↳ app/views/static_pages/index.html.erb:2
  Rendered static_pages/index.html.erb within layouts/application (Duration: 2.9ms | Allocations: 1021)
Completed 200 OK in 12ms (Views: 11.0ms | ActiveRecord: 0.6ms | Allocations: 5907)


Started GET "/" for ::1 at 2019-09-10 12:40:59 +0300
Processing by StaticPagesController#index as HTML
  Rendering static_pages/index.html.erb within layouts/application
  [1m[36mUser Load (0.4ms)[0m  [1m[34mSELECT "users".* FROM "users" WHERE "users"."id" = $1 ORDER BY "users"."id" ASC LIMIT $2[0m  [["id", 1], ["LIMIT", 1]]
  ↳ app/views/static_pages/index.html.erb:2
  Rendered static_pages/index.html.erb within layouts/application (Duration: 5.6ms | Allocations: 1011)
Completed 200 OK in 19ms (Views: 17.7ms | ActiveRecord: 0.4ms | Allocations: 5884)


Started DELETE "/users/sign_out" for ::1 at 2019-09-10 12:41:01 +0300
Processing by Devise::SessionsController#destroy as HTML
  Parameters: {"authenticity_token"=>"AxVlALX3bGeHbHq7kVecHF2EsaPqvtwjwD7LvhMrxHdgwdeKbV9h9hD3OFP4Pn47RH1H8x6MgwoJwVNmHJ7TwQ=="}
  [1m[36mUser Load (0.3ms)[0m  [1m[34mSELECT "users".* FROM "users" WHERE "users"."id" = $1 ORDER BY "users"."id" ASC LIMIT $2[0m  [["id", 1], ["LIMIT", 1]]
Redirected to http://localhost:3000/
Completed 302 Found in 7ms (ActiveRecord: 0.3ms | Allocations: 2300)


Started GET "/" for ::1 at 2019-09-10 12:41:01 +0300
Processing by StaticPagesController#index as HTML
  Rendering static_pages/index.html.erb within layouts/application
  Rendered static_pages/index.html.erb within layouts/application (Duration: 0.5ms | Allocations: 159)
Completed 200 OK in 12ms (Views: 11.0ms | ActiveRecord: 0.0ms | Allocations: 5060)


Started GET "/users/sign_in" for ::1 at 2019-09-10 12:41:03 +0300
Processing by Devise::SessionsController#new as HTML
  Rendering devise/sessions/new.html.erb within layouts/application
DEPRECATION WARNING: [Devise] `DeviseHelper.devise_error_messages!`
is deprecated and it will be removed in the next major version.
To customize the errors styles please run `rails g devise:views` and modify the
`devise/shared/error_messages` partial.
 (called from block in _app_views_devise_sessions_new_html_erb__1324676399838755889_70266118213560 at /home/dev/Bureau/Ruby/mody_atao_anzany_aaaa/app/views/devise/sessions/new.html.erb:7)
  Rendered devise/shared/_links.html.erb (Duration: 0.2ms | Allocations: 134)
  Rendered devise/sessions/new.html.erb within layouts/application (Duration: 3.4ms | Allocations: 1169)
Completed 200 OK in 50ms (Views: 48.2ms | ActiveRecord: 0.0ms | Allocations: 6342)


Started POST "/users/sign_in" for ::1 at 2019-09-10 12:41:08 +0300
Processing by Devise::SessionsController#create as HTML
  Parameters: {"authenticity_token"=>"OrA8bWmUuapeu/W+BfB4Z9wJYkptxsbu6WHdUjy+Qay+d2gOl2gPZD50UKSC3dc0TFUeBm5xWW2sgETGIhi/cA==", "user"=>{"email"=>"o@o.o", "password"=>"[FILTERED]", "remember_me"=>"0"}, "commit"=>"Log in"}
  [1m[36mUser Load (0.5ms)[0m  [1m[34mSELECT "users".* FROM "users" WHERE "users"."email" = $1 ORDER BY "users"."id" ASC LIMIT $2[0m  [["email", "o@o.o"], ["LIMIT", 1]]
Redirected to http://localhost:3000/
Completed 302 Found in 151ms (ActiveRecord: 0.5ms | Allocations: 2811)


Started GET "/" for ::1 at 2019-09-10 12:41:09 +0300
Processing by StaticPagesController#index as HTML
  Rendering static_pages/index.html.erb within layouts/application
  [1m[36mUser Load (1.8ms)[0m  [1m[34mSELECT "users".* FROM "users" WHERE "users"."id" = $1 ORDER BY "users"."id" ASC LIMIT $2[0m  [["id", 3], ["LIMIT", 1]]
  ↳ app/views/static_pages/index.html.erb:2
  Rendered static_pages/index.html.erb within layouts/application (Duration: 4.0ms | Allocations: 1009)
Completed 200 OK in 13ms (Views: 10.4ms | ActiveRecord: 1.8ms | Allocations: 5889)


  [1m[35m (0.3ms)[0m  [1m[34mSELECT pg_try_advisory_lock(6895330367990644335)[0m
  [1m[35m (2.3ms)[0m  [1m[34mSELECT "schema_migrations"."version" FROM "schema_migrations" ORDER BY "schema_migrations"."version" ASC[0m
Migrating to CreateQuarters (20190910095634)
  [1m[35m (0.2ms)[0m  [1m[35mBEGIN[0m
  [1m[35m (852.4ms)[0m  [1m[35mCREATE TABLE "quarters" ("id" bigserial primary key, "zip_code" character varying, "name" character varying, "created_at" timestamp(6) NOT NULL, "updated_at" timestamp(6) NOT NULL)[0m
  [1m[36mprimary::SchemaMigration Create (0.5ms)[0m  [1m[32mINSERT INTO "schema_migrations" ("version") VALUES ($1) RETURNING "version"[0m  [["version", "20190910095634"]]
  [1m[35m (14.2ms)[0m  [1m[35mCOMMIT[0m
Migrating to AddNameToUsers (20190910104959)
  [1m[35m (0.3ms)[0m  [1m[35mBEGIN[0m
  [1m[35m (17.4ms)[0m  [1m[35mALTER TABLE "users" ADD "first_name" character varying[0m
  [1m[35m (0.4ms)[0m  [1m[35mALTER TABLE "users" ADD "last_name" character varying[0m
  [1m[35m (0.3ms)[0m  [1m[35mALTER TABLE "users" ADD "age" integer[0m
  [1m[35m (0.3ms)[0m  [1m[35mALTER TABLE "users" ADD "skills" text[0m
  [1m[35m (0.4ms)[0m  [1m[35mALTER TABLE "users" ADD "quarter" character varying[0m
  [1m[35m (0.4ms)[0m  [1m[35mALTER TABLE "users" ADD "gender" character varying[0m
  [1m[35m (0.4ms)[0m  [1m[35mALTER TABLE "users" ADD "pseudonym" character varying[0m
  [1m[36mprimary::SchemaMigration Create (0.4ms)[0m  [1m[32mINSERT INTO "schema_migrations" ("version") VALUES ($1) RETURNING "version"[0m  [["version", "20190910104959"]]
  [1m[35m (10.9ms)[0m  [1m[35mCOMMIT[0m
Migrating to CreateClubs (20190910115401)
  [1m[35m (0.3ms)[0m  [1m[34mSELECT pg_advisory_unlock(6895330367990644335)[0m
  [1m[35m (58.8ms)[0m  [1m[35mCREATE DATABASE "malagaSport_development" ENCODING = 'unicode'[0m
  [1m[35m (0.8ms)[0m  [1m[35mCREATE DATABASE "malagaSport_test" ENCODING = 'unicode'[0m
  [1m[35m (0.3ms)[0m  [1m[34mSELECT pg_try_advisory_lock(6895330367990644335)[0m
  [1m[35m (0.9ms)[0m  [1m[34mSELECT "schema_migrations"."version" FROM "schema_migrations" ORDER BY "schema_migrations"."version" ASC[0m
Migrating to CreateClubs (20190910115401)
  [1m[35m (0.4ms)[0m  [1m[34mSELECT pg_advisory_unlock(6895330367990644335)[0m
  [1m[35m (0.9ms)[0m  [1m[34mSELECT "schema_migrations"."version" FROM "schema_migrations" ORDER BY "schema_migrations"."version" ASC[0m
  [1m[35m (0.6ms)[0m  [1m[34mSELECT "ar_internal_metadata"."value" FROM "ar_internal_metadata" WHERE "ar_internal_metadata"."key" = $1[0m  [["key", "environment"]]
  [1m[35m (0.4ms)[0m  [1m[34mSELECT "schema_migrations"."version" FROM "schema_migrations" ORDER BY "schema_migrations"."version" ASC[0m
  [1m[35m (0.3ms)[0m  [1m[34mSELECT "ar_internal_metadata"."value" FROM "ar_internal_metadata" WHERE "ar_internal_metadata"."key" = $1[0m  [["key", "environment"]]
  [1m[35m (0.3ms)[0m  [1m[34mSELECT "schema_migrations"."version" FROM "schema_migrations" ORDER BY "schema_migrations"."version" ASC[0m
  [1m[35m (0.3ms)[0m  [1m[34mSELECT "ar_internal_metadata"."value" FROM "ar_internal_metadata" WHERE "ar_internal_metadata"."key" = $1[0m  [["key", "environment"]]
  [1m[35m (654.8ms)[0m  [1m[35mDROP DATABASE IF EXISTS "malagaSport_development"[0m
  [1m[35m (226.0ms)[0m  [1m[35mDROP DATABASE IF EXISTS "malagaSport_test"[0m
  [1m[35m (1117.9ms)[0m  [1m[35mCREATE DATABASE "malagaSport_development" ENCODING = 'unicode'[0m
  [1m[35m (646.7ms)[0m  [1m[35mCREATE DATABASE "malagaSport_test" ENCODING = 'unicode'[0m
  [1m[35m (134.3ms)[0m  [1m[35mCREATE TABLE "schema_migrations" ("version" character varying NOT NULL PRIMARY KEY)[0m
  [1m[35m (84.2ms)[0m  [1m[35mCREATE TABLE "ar_internal_metadata" ("key" character varying NOT NULL PRIMARY KEY, "value" character varying, "created_at" timestamp(6) NOT NULL, "updated_at" timestamp(6) NOT NULL)[0m
  [1m[35m (0.3ms)[0m  [1m[34mSELECT pg_try_advisory_lock(6895330367990644335)[0m
  [1m[35m (0.8ms)[0m  [1m[34mSELECT "schema_migrations"."version" FROM "schema_migrations" ORDER BY "schema_migrations"."version" ASC[0m
Migrating to DeviseCreateUsers (20190910081804)
  [1m[35m (0.2ms)[0m  [1m[35mBEGIN[0m
  [1m[35m (76.4ms)[0m  [1m[35mCREATE TABLE "users" ("id" bigserial primary key, "email" character varying DEFAULT '' NOT NULL, "encrypted_password" character varying DEFAULT '' NOT NULL, "quarter_id" bigint, "reset_password_token" character varying, "reset_password_sent_at" timestamp, "remember_created_at" timestamp, "created_at" timestamp(6) NOT NULL, "updated_at" timestamp(6) NOT NULL)[0m
  [1m[35m (35.0ms)[0m  [1m[35mCREATE  INDEX  "index_users_on_quarter_id" ON "users"  ("quarter_id")[0m
  [1m[35m (29.0ms)[0m  [1m[35mCREATE UNIQUE INDEX  "index_users_on_email" ON "users"  ("email")[0m
  [1m[35m (28.8ms)[0m  [1m[35mCREATE UNIQUE INDEX  "index_users_on_reset_password_token" ON "users"  ("reset_password_token")[0m
  [1m[36mprimary::SchemaMigration Create (0.6ms)[0m  [1m[32mINSERT INTO "schema_migrations" ("version") VALUES ($1) RETURNING "version"[0m  [["version", "20190910081804"]]
  [1m[35m (9.0ms)[0m  [1m[35mCOMMIT[0m
Migrating to AddRoleToUsers (20190910090646)
  [1m[35m (0.2ms)[0m  [1m[35mBEGIN[0m
  [1m[35m (0.4ms)[0m  [1m[35mALTER TABLE "users" ADD "role" character varying[0m
  [1m[36mprimary::SchemaMigration Create (0.5ms)[0m  [1m[32mINSERT INTO "schema_migrations" ("version") VALUES ($1) RETURNING "version"[0m  [["version", "20190910090646"]]
  [1m[35m (3.9ms)[0m  [1m[35mCOMMIT[0m
Migrating to CreateQuarters (20190910095634)
  [1m[35m (0.2ms)[0m  [1m[35mBEGIN[0m
  [1m[35m (87.8ms)[0m  [1m[35mCREATE TABLE "quarters" ("id" bigserial primary key, "zip_code" character varying, "name" character varying, "created_at" timestamp(6) NOT NULL, "updated_at" timestamp(6) NOT NULL)[0m
  [1m[36mprimary::SchemaMigration Create (0.5ms)[0m  [1m[32mINSERT INTO "schema_migrations" ("version") VALUES ($1) RETURNING "version"[0m  [["version", "20190910095634"]]
  [1m[35m (16.3ms)[0m  [1m[35mCOMMIT[0m
Migrating to AddNameToUsers (20190910104959)
  [1m[35m (0.2ms)[0m  [1m[35mBEGIN[0m
  [1m[35m (0.6ms)[0m  [1m[35mALTER TABLE "users" ADD "first_name" character varying[0m
  [1m[35m (2.5ms)[0m  [1m[35mALTER TABLE "users" ADD "last_name" character varying[0m
  [1m[35m (0.6ms)[0m  [1m[35mALTER TABLE "users" ADD "age" integer[0m
  [1m[35m (0.4ms)[0m  [1m[35mALTER TABLE "users" ADD "skills" text[0m
  [1m[35m (0.4ms)[0m  [1m[35mALTER TABLE "users" ADD "quarter" character varying[0m
  [1m[35m (0.4ms)[0m  [1m[35mALTER TABLE "users" ADD "gender" character varying[0m
  [1m[35m (0.5ms)[0m  [1m[35mALTER TABLE "users" ADD "pseudonym" character varying[0m
  [1m[36mprimary::SchemaMigration Create (0.4ms)[0m  [1m[32mINSERT INTO "schema_migrations" ("version") VALUES ($1) RETURNING "version"[0m  [["version", "20190910104959"]]
  [1m[35m (9.0ms)[0m  [1m[35mCOMMIT[0m
Migrating to CreateClubs (20190910115401)
  [1m[35m (0.2ms)[0m  [1m[35mBEGIN[0m
  [1m[35m (32.4ms)[0m  [1m[35mCREATE TABLE "clubs" ("id" bigserial primary key, "recruiter_id" bigint, "quarter_id" bigint, "created_at" timestamp(6) NOT NULL, "updated_at" timestamp(6) NOT NULL)[0m
  [1m[35m (28.8ms)[0m  [1m[35mCREATE  INDEX  "index_clubs_on_recruiter_id" ON "clubs"  ("recruiter_id")[0m
  [1m[35m (42.3ms)[0m  [1m[35mCREATE  INDEX  "index_clubs_on_quarter_id" ON "clubs"  ("quarter_id")[0m
  [1m[36mprimary::SchemaMigration Create (0.5ms)[0m  [1m[32mINSERT INTO "schema_migrations" ("version") VALUES ($1) RETURNING "version"[0m  [["version", "20190910115401"]]
  [1m[35m (15.4ms)[0m  [1m[35mCOMMIT[0m
  [1m[36mActiveRecord::InternalMetadata Load (0.8ms)[0m  [1m[34mSELECT "ar_internal_metadata".* FROM "ar_internal_metadata" WHERE "ar_internal_metadata"."key" = $1 LIMIT $2[0m  [["key", "environment"], ["LIMIT", 1]]
  [1m[35m (0.2ms)[0m  [1m[35mBEGIN[0m
  [1m[36mActiveRecord::InternalMetadata Create (0.8ms)[0m  [1m[32mINSERT INTO "ar_internal_metadata" ("key", "value", "created_at", "updated_at") VALUES ($1, $2, $3, $4) RETURNING "key"[0m  [["key", "environment"], ["value", "development"], ["created_at", "2019-09-10 15:18:51.338576"], ["updated_at", "2019-09-10 15:18:51.338576"]]
  [1m[35m (11.4ms)[0m  [1m[35mCOMMIT[0m
  [1m[35m (0.4ms)[0m  [1m[34mSELECT pg_advisory_unlock(6895330367990644335)[0m
  [1m[35m (0.8ms)[0m  [1m[34mSELECT "schema_migrations"."version" FROM "schema_migrations" ORDER BY "schema_migrations"."version" ASC[0m
